<?xml version="1.0" encoding="utf-8"?><testsuites name="pytest tests"><testsuite name="pytest" errors="0" failures="0" skipped="0" tests="8" time="1.225" timestamp="2026-08-04T05:13:34.401498+00:00" hostname="agent-env-2247e0a7-c336-4349-8678-f0ef911916d8"><testcase classname="tests.test_istore_api" name="test_root" time="0.199" /><testcase classname="tests.test_istore_api" name="test_get_products" time="0.051" /><testcase classname="tests.test_istore_api" name="test_get_product_by_slug" time="0.047" /><testcase classname="tests.test_istore_api" name="test_get_product_404" time="0.048" /><testcase classname="tests.test_istore_api" name="test_create_order" time="0.093" /><testcase classname="tests.test_istore_api" name="test_create_order_empty" time="0.047" /><testcase classname="tests.test_istore_api" name="test_newsletter" time="0.096" /><testcase classname="tests.test_istore_api" name="test_newsletter_invalid_email" time="0.049" /></testsuite></testsuites>